<?xml version="1.0" encoding="UTF-8"?>
<testsuite xmlns:xsi="http://www.w3.org/2001/XMLSchema-instance" xsi:noNamespaceSchemaLocation="https://maven.apache.org/surefire/maven-surefire-plugin/xsd/surefire-test-report.xsd" version="3.0.2" name="TestSuite" time="51.138" tests="2" errors="0" skipped="0" failures="0">
  <properties>
[...]
</properties>
  <testcase name="runScenario[&quot;Invalid Login username&quot;, &quot;Swag Labs Login Functionality&quot;](1)" classname="Runner.Runnerclass" time="29.033">
    <system-out><![CDATA[
@Login @Invalid2, @Firefox
Scenario: Invalid Login username                       &amp#27;[90m# src/test/resources/com/features/Login.feature:19&amp#27;[0m
before step running
  &amp#27;[32mWhen &amp#27;[0m&amp#27;[32mI enter &amp#27;[0m&amp#27;[32m&amp#27;[1m"standard_user"&amp#27;[0m&amp#27;[32m as username&amp#27;[0m             &amp#27;[90m# Stepdefinition.LoginSDF.i_enter_as_username(java.lang.String)&amp#27;[0m
After step running
before step running
  &amp#27;[32mAnd &amp#27;[0m&amp#27;[32mI enter &amp#27;[0m&amp#27;[32m&amp#27;[1m""&amp#27;[0m&amp#27;[32m as passwordd&amp#27;[0m                          &amp#27;[90m# Stepdefinition.LoginSDF.i_enter_as_passwordd(java.lang.String)&amp#27;[0m
After step running
before step running
  &amp#27;[32mAnd &amp#27;[0m&amp#27;[32mI click on the login button&amp#27;[0m                      &amp#27;[90m# Stepdefinition.LoginSDF.i_click_on_the_login_button()&amp#27;[0m
After step running
before step running
Epic sadface: Password is required
Password is required
  &amp#27;[32mThen &amp#27;[0m&amp#27;[32mI should see an error message in password field&amp#27;[0m &amp#27;[90m# Stepdefinition.LoginSDF.i_should_see_an_error_message_in_password_field()&amp#27;[0m
After step running
]]></system-out>
    <system-err><![CDATA[SLF4J(W): No SLF4J providers were found.
SLF4J(W): Defaulting to no-operation (NOP) logger implementation
SLF4J(W): See https://www.slf4j.org/codes.html#noProviders for further details.
]]></system-err>
  </testcase>
  <testcase name="runScenario[&quot;Invalid Login username&quot;, &quot;Swag Labs Login Functionality&quot;](2)" classname="Runner.Runnerclass" time="17.474">
    <system-out><![CDATA[
@Login @Invalid3, @Firefox
Scenario: Invalid Login username                   &amp#27;[90m# src/test/resources/com/features/Login.feature:25&amp#27;[0m
before step running
  &amp#27;[32mWhen &amp#27;[0m&amp#27;[32mI enter &amp#27;[0m&amp#27;[32m&amp#27;[1m"standard"&amp#27;[0m&amp#27;[32m as username&amp#27;[0m              &amp#27;[90m# Stepdefinition.LoginSDF.i_enter_as_username(java.lang.String)&amp#27;[0m
After step running
before step running
  &amp#27;[32mAnd &amp#27;[0m&amp#27;[32mI enter &amp#27;[0m&amp#27;[32m&amp#27;[1m"1234"&amp#27;[0m&amp#27;[32m as passwordd&amp#27;[0m                  &amp#27;[90m# Stepdefinition.LoginSDF.i_enter_as_passwordd(java.lang.String)&amp#27;[0m
After step running
before step running
  &amp#27;[32mAnd &amp#27;[0m&amp#27;[32mI click on the login button&amp#27;[0m                  &amp#27;[90m# Stepdefinition.LoginSDF.i_click_on_the_login_button()&amp#27;[0m
After step running
before step running
Both are invalid
  &amp#27;[32mThen &amp#27;[0m&amp#27;[32mI should see an error message in both field&amp#27;[0m &amp#27;[90m# Stepdefinition.LoginSDF.i_should_see_an_error_message_in_both_field()&amp#27;[0m
After step running
]]></system-out>
  </testcase>
</testsuite>